<?xml version="1.0" encoding="UTF-8"?>
<coverage generated="1595696143341" clover="3.2.0">
  <project timestamp="1595696143341" name="All files">
    <metrics statements="27" coveredstatements="25" conditionals="2" coveredconditionals="2" methods="13" coveredmethods="11" elements="42" coveredelements="38" complexity="0" loc="27" ncloc="27" packages="1" files="4" classes="4"/>
    <file name="Board.js" path="/Users/sudiptor/Learnings/ThoughtworksRecruiting/GameOfLife/src/Board.js">
      <metrics statements="7" coveredstatements="7" conditionals="2" coveredconditionals="2" methods="2" coveredmethods="2"/>
      <line num="6" count="8" type="stmt"/>
      <line num="9" count="8" type="stmt"/>
      <line num="13" count="2" type="stmt"/>
      <line num="14" count="2" type="stmt"/>
      <line num="15" count="2" type="cond" truecount="2" falsecount="0"/>
      <line num="16" count="1" type="stmt"/>
      <line num="18" count="1" type="stmt"/>
    </file>
    <file name="Cell.js" path="/Users/sudiptor/Learnings/ThoughtworksRecruiting/GameOfLife/src/Cell.js">
      <metrics statements="2" coveredstatements="2" conditionals="0" coveredconditionals="0" methods="2" coveredmethods="2"/>
      <line num="3" count="1" type="stmt"/>
      <line num="12" count="2" type="stmt"/>
    </file>
    <file name="Game.js" path="/Users/sudiptor/Learnings/ThoughtworksRecruiting/GameOfLife/src/Game.js">
      <metrics statements="12" coveredstatements="10" conditionals="0" coveredconditionals="0" methods="6" coveredmethods="4"/>
      <line num="8" count="2" type="stmt"/>
      <line num="11" count="2" type="stmt"/>
      <line num="12" count="8" type="stmt"/>
      <line num="15" count="2" type="stmt"/>
      <line num="16" count="2" type="stmt"/>
      <line num="20" count="0" type="stmt"/>
      <line num="21" count="0" type="stmt"/>
      <line num="26" count="1" type="stmt"/>
      <line num="30" count="8" type="stmt"/>
      <line num="31" count="8" type="stmt"/>
      <line num="32" count="8" type="stmt"/>
      <line num="33" count="8" type="stmt"/>
    </file>
    <file name="Player.js" path="/Users/sudiptor/Learnings/ThoughtworksRecruiting/GameOfLife/src/Player.js">
      <metrics statements="6" coveredstatements="6" conditionals="0" coveredconditionals="0" methods="3" coveredmethods="3"/>
      <line num="6" count="4" type="stmt"/>
      <line num="8" count="4" type="stmt"/>
      <line num="11" count="4" type="stmt"/>
      <line num="15" count="1" type="stmt"/>
      <line num="16" count="1" type="stmt"/>
      <line num="20" count="4" type="stmt"/>
    </file>
  </project>
</coverage>
