{"/Users/sudiptor/Learnings/ThoughtworksRecruiting/GameOfLife/src/Board.js": {"path":"/Users/sudiptor/Learnings/ThoughtworksRecruiting/GameOfLife/src/Board.js","statementMap":{"0":{"start":{"line":6,"column":12},"end":{"line":6,"column":14}},"1":{"start":{"line":9,"column":8},"end":{"line":9,"column":27}},"2":{"start":{"line":13,"column":25},"end":{"line":13,"column":52}},"3":{"start":{"line":14,"column":30},"end":{"line":14,"column":49}},"4":{"start":{"line":15,"column":8},"end":{"line":19,"column":9}},"5":{"start":{"line":16,"column":10},"end":{"line":16,"column":64}},"6":{"start":{"line":18,"column":8},"end":{"line":18,"column":43}}},"fnMap":{"0":{"name":"(anonymous_0)","decl":{"start":{"line":8,"column":4},"end":{"line":8,"column":5}},"loc":{"start":{"line":8,"column":22},"end":{"line":10,"column":5}},"line":8},"1":{"name":"(anonymous_1)","decl":{"start":{"line":12,"column":4},"end":{"line":12,"column":5}},"loc":{"start":{"line":12,"column":28},"end":{"line":20,"column":5}},"line":12}},"branchMap":{"0":{"loc":{"start":{"line":15,"column":8},"end":{"line":19,"column":9}},"type":"if","locations":[{"start":{"line":15,"column":8},"end":{"line":19,"column":9}},{"start":{"line":15,"column":8},"end":{"line":19,"column":9}}],"line":15}},"s":{"0":8,"1":8,"2":2,"3":2,"4":2,"5":1,"6":1},"f":{"0":8,"1":2},"b":{"0":[1,1]},"_coverageSchema":"1a1c01bbd47fc00a2c39e90264f33305004495a9","hash":"573924fefce8b4f805616cd70019d2daefa399b1"}
,"/Users/sudiptor/Learnings/ThoughtworksRecruiting/GameOfLife/src/Cell.js": {"path":"/Users/sudiptor/Learnings/ThoughtworksRecruiting/GameOfLife/src/Cell.js","statementMap":{"0":{"start":{"line":3,"column":8},"end":{"line":3,"column":21}},"1":{"start":{"line":12,"column":8},"end":{"line":12,"column":27}}},"fnMap":{"0":{"name":"(anonymous_0)","decl":{"start":{"line":2,"column":4},"end":{"line":2,"column":5}},"loc":{"start":{"line":2,"column":18},"end":{"line":4,"column":5}},"line":2},"1":{"name":"(anonymous_1)","decl":{"start":{"line":11,"column":4},"end":{"line":11,"column":5}},"loc":{"start":{"line":11,"column":18},"end":{"line":13,"column":5}},"line":11}},"branchMap":{},"s":{"0":1,"1":2},"f":{"0":1,"1":2},"b":{},"_coverageSchema":"1a1c01bbd47fc00a2c39e90264f33305004495a9","hash":"8fff4748a19f2908c389be3b2849a350020802f4"}
,"/Users/sudiptor/Learnings/ThoughtworksRecruiting/GameOfLife/src/Game.js": {"path":"/Users/sudiptor/Learnings/ThoughtworksRecruiting/GameOfLife/src/Game.js","statementMap":{"0":{"start":{"line":8,"column":13},"end":{"line":8,"column":22}},"1":{"start":{"line":11,"column":20},"end":{"line":13,"column":10}},"2":{"start":{"line":12,"column":12},"end":{"line":12,"column":48}},"3":{"start":{"line":15,"column":20},"end":{"line":15,"column":36}},"4":{"start":{"line":16,"column":8},"end":{"line":16,"column":40}},"5":{"start":{"line":20,"column":6},"end":{"line":22,"column":10}},"6":{"start":{"line":21,"column":12},"end":{"line":21,"column":38}},"7":{"start":{"line":26,"column":8},"end":{"line":26,"column":38}},"8":{"start":{"line":30,"column":22},"end":{"line":30,"column":31}},"9":{"start":{"line":31,"column":8},"end":{"line":31,"column":42}},"10":{"start":{"line":32,"column":8},"end":{"line":32,"column":40}},"11":{"start":{"line":33,"column":8},"end":{"line":33,"column":23}}},"fnMap":{"0":{"name":"(anonymous_0)","decl":{"start":{"line":10,"column":5},"end":{"line":10,"column":6}},"loc":{"start":{"line":10,"column":17},"end":{"line":17,"column":5}},"line":10},"1":{"name":"(anonymous_1)","decl":{"start":{"line":11,"column":41},"end":{"line":11,"column":42}},"loc":{"start":{"line":11,"column":50},"end":{"line":13,"column":9}},"line":11},"2":{"name":"(anonymous_2)","decl":{"start":{"line":19,"column":4},"end":{"line":19,"column":5}},"loc":{"start":{"line":19,"column":15},"end":{"line":23,"column":5}},"line":19},"3":{"name":"(anonymous_3)","decl":{"start":{"line":20,"column":20},"end":{"line":20,"column":21}},"loc":{"start":{"line":20,"column":31},"end":{"line":22,"column":9}},"line":20},"4":{"name":"(anonymous_4)","decl":{"start":{"line":25,"column":4},"end":{"line":25,"column":5}},"loc":{"start":{"line":25,"column":15},"end":{"line":27,"column":5}},"line":25},"5":{"name":"(anonymous_5)","decl":{"start":{"line":29,"column":4},"end":{"line":29,"column":5}},"loc":{"start":{"line":29,"column":16},"end":{"line":34,"column":5}},"line":29}},"branchMap":{},"s":{"0":2,"1":2,"2":8,"3":2,"4":2,"5":0,"6":0,"7":1,"8":8,"9":8,"10":8,"11":8},"f":{"0":2,"1":8,"2":0,"3":0,"4":1,"5":8},"b":{},"_coverageSchema":"1a1c01bbd47fc00a2c39e90264f33305004495a9","hash":"702b0470607263d1a3398202b79f26cf8a4d61b2"}
,"/Users/sudiptor/Learnings/ThoughtworksRecruiting/GameOfLife/src/Player.js": {"path":"/Users/sudiptor/Learnings/ThoughtworksRecruiting/GameOfLife/src/Player.js","statementMap":{"0":{"start":{"line":6,"column":12},"end":{"line":6,"column":16}},"1":{"start":{"line":8,"column":18},"end":{"line":8,"column":27}},"2":{"start":{"line":11,"column":8},"end":{"line":11,"column":27}},"3":{"start":{"line":15,"column":8},"end":{"line":15,"column":73}},"4":{"start":{"line":16,"column":8},"end":{"line":16,"column":58}},"5":{"start":{"line":20,"column":8},"end":{"line":20,"column":26}}},"fnMap":{"0":{"name":"(anonymous_0)","decl":{"start":{"line":10,"column":4},"end":{"line":10,"column":5}},"loc":{"start":{"line":10,"column":22},"end":{"line":12,"column":5}},"line":10},"1":{"name":"(anonymous_1)","decl":{"start":{"line":14,"column":4},"end":{"line":14,"column":5}},"loc":{"start":{"line":14,"column":18},"end":{"line":17,"column":5}},"line":14},"2":{"name":"(anonymous_2)","decl":{"start":{"line":19,"column":4},"end":{"line":19,"column":5}},"loc":{"start":{"line":19,"column":15},"end":{"line":21,"column":5}},"line":19}},"branchMap":{},"s":{"0":4,"1":4,"2":4,"3":1,"4":1,"5":4},"f":{"0":4,"1":1,"2":4},"b":{},"_coverageSchema":"1a1c01bbd47fc00a2c39e90264f33305004495a9","hash":"be493dacbdcec870292d1b1aefcabf4ba969f6fb"}
}
