{"/Users/sudiptor/Learnings/ThoughtworksRecruiting/GameOfLife/src/Board.js": {"path":"/Users/sudiptor/Learnings/ThoughtworksRecruiting/GameOfLife/src/Board.js","statementMap":{"0":{"start":{"line":6,"column":12},"end":{"line":6,"column":14}},"1":{"start":{"line":9,"column":8},"end":{"line":9,"column":27}},"2":{"start":{"line":13,"column":25},"end":{"line":13,"column":52}},"3":{"start":{"line":14,"column":30},"end":{"line":14,"column":49}},"4":{"start":{"line":15,"column":8},"end":{"line":19,"column":9}},"5":{"start":{"line":16,"column":10},"end":{"line":16,"column":64}},"6":{"start":{"line":18,"column":8},"end":{"line":18,"column":43}}},"fnMap":{"0":{"name":"(anonymous_0)","decl":{"start":{"line":8,"column":4},"end":{"line":8,"column":5}},"loc":{"start":{"line":8,"column":22},"end":{"line":10,"column":5}},"line":8},"1":{"name":"(anonymous_1)","decl":{"start":{"line":12,"column":4},"end":{"line":12,"column":5}},"loc":{"start":{"line":12,"column":28},"end":{"line":20,"column":5}},"line":12}},"branchMap":{"0":{"loc":{"start":{"line":15,"column":8},"end":{"line":19,"column":9}},"type":"if","locations":[{"start":{"line":15,"column":8},"end":{"line":19,"column":9}},{"start":{"line":15,"column":8},"end":{"line":19,"column":9}}],"line":15}},"s":{"0":4,"1":4,"2":2,"3":2,"4":2,"5":1,"6":1},"f":{"0":4,"1":2},"b":{"0":[1,1]},"_coverageSchema":"1a1c01bbd47fc00a2c39e90264f33305004495a9","hash":"573924fefce8b4f805616cd70019d2daefa399b1"}
,"/Users/sudiptor/Learnings/ThoughtworksRecruiting/GameOfLife/src/Cell.js": {"path":"/Users/sudiptor/Learnings/ThoughtworksRecruiting/GameOfLife/src/Cell.js","statementMap":{"0":{"start":{"line":3,"column":8},"end":{"line":3,"column":21}},"1":{"start":{"line":12,"column":8},"end":{"line":12,"column":27}}},"fnMap":{"0":{"name":"(anonymous_0)","decl":{"start":{"line":2,"column":4},"end":{"line":2,"column":5}},"loc":{"start":{"line":2,"column":18},"end":{"line":4,"column":5}},"line":2},"1":{"name":"(anonymous_1)","decl":{"start":{"line":11,"column":4},"end":{"line":11,"column":5}},"loc":{"start":{"line":11,"column":18},"end":{"line":13,"column":5}},"line":11}},"branchMap":{},"s":{"0":1,"1":1},"f":{"0":1,"1":1},"b":{},"_coverageSchema":"1a1c01bbd47fc00a2c39e90264f33305004495a9","hash":"8fff4748a19f2908c389be3b2849a350020802f4"}
}
