TN:
SF:src/Board.js
FN:8,(anonymous_0)
FN:12,(anonymous_1)
FNF:2
FNH:2
FNDA:8,(anonymous_0)
FNDA:2,(anonymous_1)
DA:6,8
DA:9,8
DA:13,2
DA:14,2
DA:15,2
DA:16,1
DA:18,1
LF:7
LH:7
BRDA:15,0,0,1
BRDA:15,0,1,1
BRF:2
BRH:2
end_of_record
TN:
SF:src/Cell.js
FN:2,(anonymous_0)
FN:11,(anonymous_1)
FNF:2
FNH:2
FNDA:1,(anonymous_0)
FNDA:2,(anonymous_1)
DA:3,1
DA:12,2
LF:2
LH:2
BRF:0
BRH:0
end_of_record
TN:
SF:src/Game.js
FN:10,(anonymous_0)
FN:11,(anonymous_1)
FN:19,(anonymous_2)
FN:20,(anonymous_3)
FN:25,(anonymous_4)
FN:29,(anonymous_5)
FNF:6
FNH:4
FNDA:2,(anonymous_0)
FNDA:8,(anonymous_1)
FNDA:0,(anonymous_2)
FNDA:0,(anonymous_3)
FNDA:1,(anonymous_4)
FNDA:8,(anonymous_5)
DA:8,2
DA:11,2
DA:12,8
DA:15,2
DA:16,2
DA:20,0
DA:21,0
DA:26,1
DA:30,8
DA:31,8
DA:32,8
DA:33,8
LF:12
LH:10
BRF:0
BRH:0
end_of_record
TN:
SF:src/Player.js
FN:10,(anonymous_0)
FN:14,(anonymous_1)
FN:19,(anonymous_2)
FNF:3
FNH:3
FNDA:4,(anonymous_0)
FNDA:1,(anonymous_1)
FNDA:4,(anonymous_2)
DA:6,4
DA:8,4
DA:11,4
DA:15,1
DA:16,1
DA:20,4
LF:6
LH:6
BRF:0
BRH:0
end_of_record
